{"level":"info","time":"2023-08-11T17:26:40.596+0530","caller":"cmd/lt.go:183","msg":"LambdaTest Tunnel version: 3.1.31"}
{"level":"debug","time":"2023-08-11T17:26:40.598+0530","caller":"core/lifecycle.go:41","msg":"Starting pipeline....."}
{"level":"debug","time":"2023-08-11T17:26:40.598+0530","caller":"core/lifecycle.go:42","msg":"OS: windows, Arch: amd64"}
{"level":"debug","time":"2023-08-11T17:26:40.598+0530","caller":"core/lifecycle.go:43","msg":"Fetching config"}
{"level":"warn","time":"2023-08-11T17:26:40.598+0530","caller":"configmanager/setup.go:79","msg":"Tunnel Name was not specified, using: 9af25c95-1f35-45b6-8872-264c91d044d0"}
{"level":"debug","time":"2023-08-11T17:26:40.598+0530","caller":"core/lifecycle.go:65","msg":"Starting tunnel With flags: --user ritamg@lambdatest.com --key ***** -b ***** --mitm"}
{"level":"debug","time":"2023-08-11T17:26:41.070+0530","caller":"core/lifecycle.go:83","msg":"Remote config fetched"}
{"level":"debug","time":"2023-08-11T17:26:41.124+0530","caller":"custom/setup.go:736","msg":"Starting sink proxy"}
{"level":"debug","time":"2023-08-11T17:26:41.125+0530","caller":"networkscanner/setup.go:63","msg":"Trying on port 22"}
{"level":"debug","time":"2023-08-11T17:26:41.125+0530","caller":"networkscanner/setup.go:97","msg":"Trying on port 443"}
{"level":"debug","time":"2023-08-11T17:26:41.125+0530","caller":"networkscanner/setup.go:131","msg":"Trying over ssh over ws"}
{"level":"info","time":"2023-08-11T17:26:41.179+0530","caller":"custom/setup.go:683","msg":"Tunnel binary started on port :9090"}
{"level":"debug","time":"2023-08-11T17:26:41.203+0530","caller":"networkscanner/setup.go:148","msg":"WSS connection was successful"}
{"level":"debug","time":"2023-08-11T17:26:41.929+0530","caller":"networkscanner/setup.go:173","msg":"SSH connection over ws successful"}
{"level":"debug","time":"2023-08-11T17:26:41.938+0530","caller":"networkscanner/setup.go:118","msg":"SSH connection over port 443 successful"}
{"level":"debug","time":"2023-08-11T17:26:41.982+0530","caller":"networkscanner/setup.go:84","msg":"SSH connection over port 22 successful"}
{"level":"info","time":"2023-08-11T17:26:41.982+0530","caller":"core/lifecycle.go:120","msg":"Using ssh(over_22) :: connection mode"}
{"level":"debug","time":"2023-08-11T17:26:41.982+0530","caller":"ws/control.go:34","msg":"Starting control ws connection at wss://ts.lambdatest.com/monitor"}
{"level":"info","time":"2023-08-11T17:26:41.982+0530","caller":"core/lifecycle.go:250","msg":"Launching tunnel"}
{"level":"debug","time":"2023-08-11T17:26:43.330+0530","caller":"ws/control.go:72","msg":"Control ws channel opened"}
{"level":"debug","time":"2023-08-11T17:26:43.330+0530","caller":"ws/control.go:131","msg":"Starting message listener on control connection"}
{"level":"debug","time":"2023-08-11T17:26:44.928+0530","caller":"core/lifecycle.go:322","msg":"Sending tunnel registered message to channels"}
{"level":"debug","time":"2023-08-11T17:26:44.928+0530","caller":"ws/control.go:196","msg":"Tunnel registered message received on control channel"}
{"level":"debug","time":"2023-08-11T17:26:44.928+0530","caller":"ws/control.go:200","msg":"controller bus registered"}
{"level":"debug","time":"2023-08-11T17:26:44.928+0530","caller":"ssh/setup.go:71","msg":"Using 5 ssh connection"}
{"level":"debug","time":"2023-08-11T17:26:45.717+0530","caller":"ssh/ssh.go:216","msg":"Successfully started sshd listener on port: 26165"}
{"level":"debug","time":"2023-08-11T17:26:45.767+0530","caller":"ssh/ssh.go:216","msg":"Successfully started sshd listener on port: 25625"}
{"level":"info","time":"2023-08-11T17:26:45.768+0530","caller":"core/lifecycle.go:336","msg":"You can start testing now"}
{"level":"info","time":"2023-08-11T17:26:45.768+0530","caller":"core/lifecycle.go:337","msg":"Tunnel ID: 4430749"}
{"level":"debug","time":"2023-08-11T17:26:45.768+0530","caller":"core/lifecycle.go:338","msg":"Remote Listener Started on Port 19162"}
{"level":"debug","time":"2023-08-11T17:26:45.783+0530","caller":"ssh/ssh.go:216","msg":"Successfully started sshd listener on port: 24084"}
{"level":"debug","time":"2023-08-11T17:26:45.816+0530","caller":"ssh/ssh.go:216","msg":"Successfully started sshd listener on port: 7867"}
{"level":"debug","time":"2023-08-11T17:26:45.880+0530","caller":"ssh/ssh.go:216","msg":"Successfully started sshd listener on port: 12435"}
{"level":"debug","time":"2023-08-11T17:27:25.148+0530","caller":"custom/setup.go:495","msg":"handling connect request for URL https://p66-quota.icloud.com:443"}
{"level":"debug","time":"2023-08-11T17:27:25.159+0530","caller":"custom/setup.go:495","msg":"handling connect request for URL https://gateway.icloud.com:443"}
{"level":"debug","time":"2023-08-11T17:27:25.535+0530","caller":"custom/setup.go:625","msg":"handshake error p66-quota.icloud.com:443, EOF"}
{"level":"debug","time":"2023-08-11T17:27:25.535+0530","caller":"custom/setup.go:625","msg":"handshake error gateway.icloud.com:443, EOF"}
{"level":"debug","time":"2023-08-11T17:27:25.568+0530","caller":"custom/setup.go:495","msg":"handling connect request for URL https://gateway.icloud.com:443"}
{"level":"debug","time":"2023-08-11T17:27:25.569+0530","caller":"custom/setup.go:495","msg":"handling connect request for URL https://p66-quota.icloud.com:443"}
{"level":"debug","time":"2023-08-11T17:27:25.679+0530","caller":"custom/setup.go:625","msg":"handshake error p66-quota.icloud.com:443, EOF"}
{"level":"debug","time":"2023-08-11T17:27:25.679+0530","caller":"custom/setup.go:625","msg":"handshake error gateway.icloud.com:443, EOF"}
{"level":"debug","time":"2023-08-11T17:27:25.726+0530","caller":"custom/setup.go:495","msg":"handling connect request for URL https://gateway.icloud.com:443"}
{"level":"debug","time":"2023-08-11T17:27:25.729+0530","caller":"custom/setup.go:495","msg":"handling connect request for URL https://p66-quota.icloud.com:443"}
{"level":"debug","time":"2023-08-11T17:27:25.806+0530","caller":"custom/setup.go:625","msg":"handshake error gateway.icloud.com:443, tls: client using inappropriate protocol fallback"}
{"level":"debug","time":"2023-08-11T17:27:25.806+0530","caller":"custom/setup.go:625","msg":"handshake error p66-quota.icloud.com:443, tls: client using inappropriate protocol fallback"}
{"level":"debug","time":"2023-08-11T17:27:27.086+0530","caller":"custom/setup.go:495","msg":"handling connect request for URL https://appium.io:443"}
{"level":"debug","time":"2023-08-11T17:27:28.738+0530","caller":"custom/setup.go:346","msg":"handle http request for appium.io"}
{"level":"debug","time":"2023-08-11T17:27:29.446+0530","caller":"custom/setup.go:462","msg":"Response &{200 OK 200 HTTP/1.1 1 1 map[Access-Control-Allow-Origin:[*] Cache-Control:[max-age=600] Cf-Cache-Status:[DYNAMIC] Cf-Ray:[7f504d265b4029ef-BOM] Connection:[keep-alive] Content-Encoding:[gzip] Content-Type:[text/html; charset=utf-8] Date:[Fri, 11 Aug 2023 11:57:30 GMT] Expires:[Fri, 11 Aug 2023 09:42:19 GMT] Last-Modified:[Sat, 15 Jul 2023 03:26:07 GMT] Server:[cloudflare] Vary:[Accept-Encoding] X-Github-Request-Id:[5168:35EF:1632AA6:1F81C02:64D6222A] X-Proxy-Cache:[HIT]] 0xc0002d2b40 -1 [chunked] false false map[] 0xc000776f00 <nil>} for http request from host appium.io"}
{"level":"debug","time":"2023-08-11T17:27:29.866+0530","caller":"custom/setup.go:495","msg":"handling connect request for URL https://appium.io:443"}
{"level":"debug","time":"2023-08-11T17:27:29.868+0530","caller":"custom/setup.go:495","msg":"handling connect request for URL https://appium.io:443"}
{"level":"debug","time":"2023-08-11T17:27:29.868+0530","caller":"custom/setup.go:495","msg":"handling connect request for URL https://fonts.gstatic.com:443"}
{"level":"debug","time":"2023-08-11T17:27:29.871+0530","caller":"custom/setup.go:495","msg":"handling connect request for URL https://appium.io:443"}
{"level":"debug","time":"2023-08-11T17:27:29.877+0530","caller":"custom/setup.go:495","msg":"handling connect request for URL https://fonts.googleapis.com:443"}
{"level":"debug","time":"2023-08-11T17:27:33.994+0530","caller":"custom/setup.go:495","msg":"handling connect request for URL https://gateway.icloud.com:443"}
{"level":"debug","time":"2023-08-11T17:27:34.082+0530","caller":"custom/setup.go:625","msg":"handshake error gateway.icloud.com:443, EOF"}
{"level":"debug","time":"2023-08-11T17:27:34.125+0530","caller":"custom/setup.go:495","msg":"handling connect request for URL https://gateway.icloud.com:443"}
{"level":"debug","time":"2023-08-11T17:27:34.214+0530","caller":"custom/setup.go:625","msg":"handshake error gateway.icloud.com:443, EOF"}
{"level":"debug","time":"2023-08-11T17:27:34.247+0530","caller":"custom/setup.go:495","msg":"handling connect request for URL https://gateway.icloud.com:443"}
{"level":"debug","time":"2023-08-11T17:27:34.279+0530","caller":"custom/setup.go:625","msg":"handshake error gateway.icloud.com:443, tls: client using inappropriate protocol fallback"}
{"level":"debug","time":"2023-08-11T17:27:34.735+0530","caller":"custom/setup.go:495","msg":"handling connect request for URL https://uat-www.veerboats.com:443"}
{"level":"debug","time":"2023-08-11T17:27:34.803+0530","caller":"custom/setup.go:495","msg":"handling connect request for URL https://uat-www.veerboats.com:443"}
{"level":"debug","time":"2023-08-11T17:27:34.865+0530","caller":"custom/setup.go:625","msg":"handshake error uat-www.veerboats.com:443, EOF"}
{"level":"debug","time":"2023-08-11T17:27:36.643+0530","caller":"custom/setup.go:495","msg":"handling connect request for URL https://uat-www.veerboats.com:443"}
{"level":"debug","time":"2023-08-11T17:27:36.671+0530","caller":"custom/setup.go:495","msg":"handling connect request for URL https://uat-www.veerboats.com:443"}
{"level":"debug","time":"2023-08-11T17:27:36.681+0530","caller":"custom/setup.go:495","msg":"handling connect request for URL https://uat-www.veerboats.com:443"}
{"level":"debug","time":"2023-08-11T17:27:36.681+0530","caller":"custom/setup.go:495","msg":"handling connect request for URL https://assets.adobedtm.com:443"}
{"level":"debug","time":"2023-08-11T17:27:36.701+0530","caller":"custom/setup.go:495","msg":"handling connect request for URL https://kit.fontawesome.com:443"}
{"level":"debug","time":"2023-08-11T17:27:36.705+0530","caller":"custom/setup.go:495","msg":"handling connect request for URL https://uat-www.veerboats.com:443"}
{"level":"debug","time":"2023-08-11T17:27:36.709+0530","caller":"custom/setup.go:495","msg":"handling connect request for URL https://uat-www.veerboats.com:443"}
{"level":"debug","time":"2023-08-11T17:27:36.728+0530","caller":"custom/setup.go:495","msg":"handling connect request for URL https://brunswick.scene7.com:443"}
{"level":"debug","time":"2023-08-11T17:27:36.734+0530","caller":"custom/setup.go:495","msg":"handling connect request for URL https://162-kuf-529.mktoweb.com:443"}
{"level":"debug","time":"2023-08-11T17:27:36.856+0530","caller":"custom/setup.go:495","msg":"handling connect request for URL https://brunswick.scene7.com:443"}
{"level":"debug","time":"2023-08-11T17:27:36.856+0530","caller":"custom/setup.go:495","msg":"handling connect request for URL https://162-kuf-529.mktoweb.com:443"}
{"level":"debug","time":"2023-08-11T17:27:36.861+0530","caller":"custom/setup.go:495","msg":"handling connect request for URL https://kit.fontawesome.com:443"}
{"level":"debug","time":"2023-08-11T17:27:36.906+0530","caller":"custom/setup.go:495","msg":"handling connect request for URL https://code.jquery.com:443"}
{"level":"debug","time":"2023-08-11T17:27:36.955+0530","caller":"custom/setup.go:625","msg":"handshake error 162-kuf-529.mktoweb.com:443, EOF"}
{"level":"debug","time":"2023-08-11T17:27:36.955+0530","caller":"custom/setup.go:625","msg":"handshake error brunswick.scene7.com:443, EOF"}
{"level":"debug","time":"2023-08-11T17:27:37.027+0530","caller":"custom/setup.go:625","msg":"handshake error kit.fontawesome.com:443, EOF"}
{"level":"debug","time":"2023-08-11T17:27:37.185+0530","caller":"custom/setup.go:495","msg":"handling connect request for URL https://s7d1.scene7.com:443"}
{"level":"debug","time":"2023-08-11T17:27:37.185+0530","caller":"custom/setup.go:495","msg":"handling connect request for URL https://s7d2.scene7.com:443"}
{"level":"debug","time":"2023-08-11T17:27:37.305+0530","caller":"custom/setup.go:495","msg":"handling connect request for URL https://s7d1.scene7.com:443"}
{"level":"debug","time":"2023-08-11T17:27:37.335+0530","caller":"custom/setup.go:495","msg":"handling connect request for URL https://brunswick.scene7.com:443"}
{"level":"debug","time":"2023-08-11T17:27:37.376+0530","caller":"custom/setup.go:625","msg":"handshake error s7d1.scene7.com:443, EOF"}
{"level":"debug","time":"2023-08-11T17:27:37.454+0530","caller":"custom/setup.go:495","msg":"handling connect request for URL https://s7d2.scene7.com:443"}
{"level":"debug","time":"2023-08-11T17:27:38.139+0530","caller":"custom/setup.go:625","msg":"handshake error s7d2.scene7.com:443, EOF"}
{"level":"debug","time":"2023-08-11T17:27:38.693+0530","caller":"custom/setup.go:495","msg":"handling connect request for URL https://ka-p.fontawesome.com:443"}
{"level":"debug","time":"2023-08-11T17:27:38.716+0530","caller":"custom/setup.go:495","msg":"handling connect request for URL https://www.youtube.com:443"}
{"level":"debug","time":"2023-08-11T17:27:38.839+0530","caller":"custom/setup.go:495","msg":"handling connect request for URL https://connect.facebook.net:443"}
{"level":"debug","time":"2023-08-11T17:27:38.839+0530","caller":"custom/setup.go:495","msg":"handling connect request for URL https://dpm.demdex.net:443"}
{"level":"debug","time":"2023-08-11T17:27:38.845+0530","caller":"custom/setup.go:495","msg":"handling connect request for URL https://www.googletagmanager.com:443"}
{"level":"debug","time":"2023-08-11T17:27:38.942+0530","caller":"custom/setup.go:495","msg":"handling connect request for URL https://assets.adobedtm.com:443"}
{"level":"debug","time":"2023-08-11T17:27:39.253+0530","caller":"custom/setup.go:495","msg":"handling connect request for URL https://ka-p.fontawesome.com:443"}
{"level":"debug","time":"2023-08-11T17:27:39.253+0530","caller":"custom/setup.go:495","msg":"handling connect request for URL https://www.googletagmanager.com:443"}
{"level":"debug","time":"2023-08-11T17:27:39.428+0530","caller":"custom/setup.go:495","msg":"handling connect request for URL https://brunswickcorporation.tt.omtrdc.net:443"}
{"level":"debug","time":"2023-08-11T17:27:39.441+0530","caller":"custom/setup.go:495","msg":"handling connect request for URL https://brunswick.demdex.net:443"}
{"level":"debug","time":"2023-08-11T17:27:39.441+0530","caller":"custom/setup.go:495","msg":"handling connect request for URL https://cm.everesttech.net:443"}
{"level":"debug","time":"2023-08-11T17:27:39.533+0530","caller":"custom/setup.go:495","msg":"handling connect request for URL https://assets.adobedtm.com:443"}
{"level":"debug","time":"2023-08-11T17:27:39.578+0530","caller":"custom/setup.go:495","msg":"handling connect request for URL https://brunswick.demdex.net:443"}
{"level":"debug","time":"2023-08-11T17:27:39.584+0530","caller":"custom/setup.go:495","msg":"handling connect request for URL https://tools.luckyorange.com:443"}
{"level":"debug","time":"2023-08-11T17:27:39.629+0530","caller":"custom/setup.go:495","msg":"handling connect request for URL https://www.google-analytics.com:443"}
{"level":"debug","time":"2023-08-11T17:27:39.664+0530","caller":"custom/setup.go:495","msg":"handling connect request for URL https://tools.luckyorange.com:443"}
{"level":"debug","time":"2023-08-11T17:27:39.687+0530","caller":"custom/setup.go:625","msg":"handshake error brunswick.demdex.net:443, EOF"}
{"level":"debug","time":"2023-08-11T17:27:39.727+0530","caller":"custom/setup.go:495","msg":"handling connect request for URL https://munchkin.marketo.net:443"}
{"level":"debug","time":"2023-08-11T17:27:39.759+0530","caller":"custom/setup.go:625","msg":"handshake error tools.luckyorange.com:443, EOF"}
{"level":"debug","time":"2023-08-11T17:27:39.793+0530","caller":"custom/setup.go:495","msg":"handling connect request for URL https://brunswickcorporation.tt.omtrdc.net:443"}
{"level":"debug","time":"2023-08-11T17:27:39.828+0530","caller":"custom/setup.go:495","msg":"handling connect request for URL https://munchkin.marketo.net:443"}
{"level":"debug","time":"2023-08-11T17:27:39.854+0530","caller":"custom/setup.go:495","msg":"handling connect request for URL https://analytics.tiktok.com:443"}
{"level":"debug","time":"2023-08-11T17:27:39.891+0530","caller":"custom/setup.go:625","msg":"handshake error munchkin.marketo.net:443, EOF"}
{"level":"debug","time":"2023-08-11T17:27:39.916+0530","caller":"custom/setup.go:495","msg":"handling connect request for URL https://analytics.tiktok.com:443"}
{"level":"debug","time":"2023-08-11T17:27:40.022+0530","caller":"custom/setup.go:625","msg":"handshake error analytics.tiktok.com:443, EOF"}
{"level":"debug","time":"2023-08-11T17:27:40.066+0530","caller":"custom/setup.go:495","msg":"handling connect request for URL https://googleads.g.doubleclick.net:443"}
{"level":"debug","time":"2023-08-11T17:27:40.229+0530","caller":"custom/setup.go:495","msg":"handling connect request for URL https://www.facebook.com:443"}
{"level":"debug","time":"2023-08-11T17:27:40.346+0530","caller":"custom/setup.go:495","msg":"handling connect request for URL https://settings.luckyorange.com:443"}
{"level":"debug","time":"2023-08-11T17:27:40.487+0530","caller":"custom/setup.go:495","msg":"handling connect request for URL https://settings.luckyorange.com:443"}
{"level":"debug","time":"2023-08-11T17:27:40.499+0530","caller":"custom/setup.go:495","msg":"handling connect request for URL https://www.google-analytics.com:443"}
{"level":"debug","time":"2023-08-11T17:27:40.549+0530","caller":"custom/setup.go:625","msg":"handshake error settings.luckyorange.com:443, EOF"}
{"level":"debug","time":"2023-08-11T17:27:40.552+0530","caller":"custom/setup.go:625","msg":"handshake error ka-p.fontawesome.com:443, EOF"}
{"level":"debug","time":"2023-08-11T17:27:40.646+0530","caller":"custom/setup.go:495","msg":"handling connect request for URL https://162-kuf-529.mktoutil.com:443"}
{"level":"debug","time":"2023-08-11T17:27:40.674+0530","caller":"custom/setup.go:495","msg":"handling connect request for URL https://fonts.gstatic.com:443"}
{"level":"debug","time":"2023-08-11T17:27:40.681+0530","caller":"custom/setup.go:495","msg":"handling connect request for URL https://www.youtube.com:443"}
{"level":"debug","time":"2023-08-11T17:27:40.700+0530","caller":"custom/setup.go:495","msg":"handling connect request for URL https://ka-p.fontawesome.com:443"}
{"level":"debug","time":"2023-08-11T17:27:40.723+0530","caller":"custom/setup.go:495","msg":"handling connect request for URL https://162-kuf-529.mktoutil.com:443"}
{"level":"debug","time":"2023-08-11T17:27:40.792+0530","caller":"custom/setup.go:625","msg":"handshake error brunswickcorporation.tt.omtrdc.net:443, EOF"}
{"level":"debug","time":"2023-08-11T17:27:40.793+0530","caller":"custom/setup.go:495","msg":"handling connect request for URL https://www.youtube.com:443"}
{"level":"debug","time":"2023-08-11T17:27:40.793+0530","caller":"custom/setup.go:495","msg":"handling connect request for URL https://www.facebook.com:443"}
{"level":"debug","time":"2023-08-11T17:27:40.793+0530","caller":"custom/setup.go:625","msg":"handshake error 162-kuf-529.mktoutil.com:443, EOF"}
{"level":"debug","time":"2023-08-11T17:27:40.862+0530","caller":"custom/setup.go:495","msg":"handling connect request for URL https://fonts.gstatic.com:443"}
{"level":"debug","time":"2023-08-11T17:27:40.954+0530","caller":"custom/setup.go:495","msg":"handling connect request for URL https://ka-p.fontawesome.com:443"}
{"level":"debug","time":"2023-08-11T17:27:41.142+0530","caller":"custom/setup.go:495","msg":"handling connect request for URL https://analytics.tiktok.com:443"}
{"level":"debug","time":"2023-08-11T17:27:41.318+0530","caller":"custom/setup.go:495","msg":"handling connect request for URL https://www.youtube.com:443"}
{"level":"debug","time":"2023-08-11T17:27:41.495+0530","caller":"custom/setup.go:495","msg":"handling connect request for URL https://brunswickcorporationbcgpdev.112.2o7.net:443"}
{"level":"debug","time":"2023-08-11T17:27:41.553+0530","caller":"custom/setup.go:495","msg":"handling connect request for URL https://i.ytimg.com:443"}
{"level":"debug","time":"2023-08-11T17:27:41.584+0530","caller":"custom/setup.go:495","msg":"handling connect request for URL https://brunswickcorporationbcgpdev.112.2o7.net:443"}
{"level":"debug","time":"2023-08-11T17:27:41.653+0530","caller":"custom/setup.go:625","msg":"handshake error brunswickcorporationbcgpdev.112.2o7.net:443, EOF"}
{"level":"debug","time":"2023-08-11T17:27:41.755+0530","caller":"custom/setup.go:495","msg":"handling connect request for URL https://tools.luckyorange.com:443"}
{"level":"debug","time":"2023-08-11T17:27:41.789+0530","caller":"custom/setup.go:495","msg":"handling connect request for URL https://tools.luckyorange.com:443"}
{"level":"debug","time":"2023-08-11T17:27:41.789+0530","caller":"custom/setup.go:495","msg":"handling connect request for URL https://in.visitors.live:443"}
{"level":"debug","time":"2023-08-11T17:27:41.860+0530","caller":"custom/setup.go:495","msg":"handling connect request for URL https://in.visitors.live:443"}
{"level":"debug","time":"2023-08-11T17:27:41.936+0530","caller":"custom/setup.go:495","msg":"handling connect request for URL https://tools.luckyorange.com:443"}
{"level":"debug","time":"2023-08-11T17:27:41.946+0530","caller":"custom/setup.go:625","msg":"handshake error in.visitors.live:443, EOF"}
{"level":"debug","time":"2023-08-11T17:27:41.975+0530","caller":"custom/setup.go:495","msg":"handling connect request for URL https://tools.luckyorange.com:443"}
{"level":"debug","time":"2023-08-11T17:27:42.453+0530","caller":"custom/setup.go:495","msg":"handling connect request for URL https://tools.luckyorange.com:443"}
{"level":"debug","time":"2023-08-11T17:27:42.453+0530","caller":"custom/setup.go:495","msg":"handling connect request for URL https://realtime.luckyorange.com:443"}
{"level":"debug","time":"2023-08-11T17:27:42.456+0530","caller":"custom/setup.go:495","msg":"handling connect request for URL https://gateway.icloud.com:443"}
{"level":"debug","time":"2023-08-11T17:27:42.576+0530","caller":"custom/setup.go:625","msg":"handshake error gateway.icloud.com:443, EOF"}
{"level":"debug","time":"2023-08-11T17:27:42.594+0530","caller":"custom/setup.go:495","msg":"handling connect request for URL https://gateway.icloud.com:443"}
{"level":"debug","time":"2023-08-11T17:27:42.597+0530","caller":"custom/setup.go:495","msg":"handling connect request for URL https://www.google.com:443"}
{"level":"debug","time":"2023-08-11T17:27:42.610+0530","caller":"custom/setup.go:495","msg":"handling connect request for URL https://www.google.co.in:443"}
{"level":"debug","time":"2023-08-11T17:27:42.695+0530","caller":"custom/setup.go:625","msg":"handshake error gateway.icloud.com:443, EOF"}
{"level":"debug","time":"2023-08-11T17:27:42.733+0530","caller":"custom/setup.go:495","msg":"handling connect request for URL https://gateway.icloud.com:443"}
{"level":"debug","time":"2023-08-11T17:27:42.782+0530","caller":"custom/setup.go:625","msg":"handshake error gateway.icloud.com:443, tls: client using inappropriate protocol fallback"}
{"level":"debug","time":"2023-08-11T17:27:43.114+0530","caller":"custom/setup.go:495","msg":"handling connect request for URL https://realtime.luckyorange.com:443"}
{"level":"debug","time":"2023-08-11T17:27:45.351+0530","caller":"custom/setup.go:625","msg":"handshake error realtime.luckyorange.com:443, EOF"}
{"level":"debug","time":"2023-08-11T17:27:46.231+0530","caller":"custom/setup.go:495","msg":"handling connect request for URL https://static.doubleclick.net:443"}
{"level":"debug","time":"2023-08-11T17:27:46.290+0530","caller":"custom/setup.go:495","msg":"handling connect request for URL https://i.ytimg.com:443"}
{"level":"debug","time":"2023-08-11T17:27:46.327+0530","caller":"custom/setup.go:495","msg":"handling connect request for URL https://jnn-pa.googleapis.com:443"}
{"level":"debug","time":"2023-08-11T17:27:46.379+0530","caller":"custom/setup.go:495","msg":"handling connect request for URL https://yt3.ggpht.com:443"}
{"level":"debug","time":"2023-08-11T17:27:46.731+0530","caller":"custom/setup.go:495","msg":"handling connect request for URL https://api-preview.luckyorange.com:443"}
{"level":"debug","time":"2023-08-11T17:27:46.799+0530","caller":"custom/setup.go:495","msg":"handling connect request for URL https://api-preview.luckyorange.com:443"}
{"level":"debug","time":"2023-08-11T17:27:46.866+0530","caller":"custom/setup.go:625","msg":"handshake error api-preview.luckyorange.com:443, EOF"}
{"level":"debug","time":"2023-08-11T17:27:47.456+0530","caller":"custom/setup.go:495","msg":"handling connect request for URL https://pi.pardot.com:443"}
{"level":"debug","time":"2023-08-11T17:27:47.523+0530","caller":"custom/setup.go:495","msg":"handling connect request for URL https://pi.pardot.com:443"}
{"level":"debug","time":"2023-08-11T17:27:47.581+0530","caller":"custom/setup.go:625","msg":"handshake error pi.pardot.com:443, EOF"}
{"level":"debug","time":"2023-08-11T17:27:50.898+0530","caller":"custom/setup.go:495","msg":"handling connect request for URL https://gateway.icloud.com:443"}
{"level":"debug","time":"2023-08-11T17:27:50.969+0530","caller":"custom/setup.go:625","msg":"handshake error gateway.icloud.com:443, EOF"}
{"level":"debug","time":"2023-08-11T17:27:51.007+0530","caller":"custom/setup.go:495","msg":"handling connect request for URL https://gateway.icloud.com:443"}
{"level":"debug","time":"2023-08-11T17:27:51.082+0530","caller":"custom/setup.go:625","msg":"handshake error gateway.icloud.com:443, EOF"}
{"level":"debug","time":"2023-08-11T17:27:51.126+0530","caller":"custom/setup.go:495","msg":"handling connect request for URL https://gateway.icloud.com:443"}
{"level":"debug","time":"2023-08-11T17:27:51.162+0530","caller":"custom/setup.go:625","msg":"handshake error gateway.icloud.com:443, tls: client using inappropriate protocol fallback"}
{"level":"debug","time":"2023-08-11T17:27:51.302+0530","caller":"custom/setup.go:495","msg":"handling connect request for URL https://gateway.icloud.com:443"}
{"level":"debug","time":"2023-08-11T17:27:51.399+0530","caller":"custom/setup.go:625","msg":"handshake error gateway.icloud.com:443, EOF"}
{"level":"debug","time":"2023-08-11T17:27:51.427+0530","caller":"custom/setup.go:495","msg":"handling connect request for URL https://gateway.icloud.com:443"}
{"level":"debug","time":"2023-08-11T17:27:51.494+0530","caller":"custom/setup.go:625","msg":"handshake error gateway.icloud.com:443, EOF"}
{"level":"debug","time":"2023-08-11T17:27:51.530+0530","caller":"custom/setup.go:495","msg":"handling connect request for URL https://gateway.icloud.com:443"}
{"level":"debug","time":"2023-08-11T17:27:51.609+0530","caller":"custom/setup.go:625","msg":"handshake error gateway.icloud.com:443, tls: client using inappropriate protocol fallback"}
{"level":"debug","time":"2023-08-11T17:27:51.806+0530","caller":"custom/setup.go:495","msg":"handling connect request for URL https://gateway.icloud.com:443"}
{"level":"debug","time":"2023-08-11T17:27:51.887+0530","caller":"custom/setup.go:625","msg":"handshake error gateway.icloud.com:443, EOF"}
{"level":"debug","time":"2023-08-11T17:27:51.919+0530","caller":"custom/setup.go:495","msg":"handling connect request for URL https://gateway.icloud.com:443"}
{"level":"debug","time":"2023-08-11T17:27:52.011+0530","caller":"custom/setup.go:625","msg":"handshake error gateway.icloud.com:443, EOF"}
{"level":"debug","time":"2023-08-11T17:27:52.042+0530","caller":"custom/setup.go:495","msg":"handling connect request for URL https://gateway.icloud.com:443"}
{"level":"debug","time":"2023-08-11T17:27:52.074+0530","caller":"custom/setup.go:625","msg":"handshake error gateway.icloud.com:443, tls: client using inappropriate protocol fallback"}
{"level":"debug","time":"2023-08-11T17:27:56.427+0530","caller":"custom/setup.go:495","msg":"handling connect request for URL https://gateway.icloud.com:443"}
{"level":"debug","time":"2023-08-11T17:27:56.500+0530","caller":"custom/setup.go:625","msg":"handshake error gateway.icloud.com:443, EOF"}
{"level":"debug","time":"2023-08-11T17:27:56.547+0530","caller":"custom/setup.go:495","msg":"handling connect request for URL https://gateway.icloud.com:443"}
{"level":"debug","time":"2023-08-11T17:27:56.628+0530","caller":"custom/setup.go:625","msg":"handshake error gateway.icloud.com:443, EOF"}
{"level":"debug","time":"2023-08-11T17:27:56.727+0530","caller":"custom/setup.go:495","msg":"handling connect request for URL https://gateway.icloud.com:443"}
{"level":"debug","time":"2023-08-11T17:27:56.760+0530","caller":"custom/setup.go:625","msg":"handshake error gateway.icloud.com:443, tls: client using inappropriate protocol fallback"}
{"level":"debug","time":"2023-08-11T17:27:56.885+0530","caller":"custom/setup.go:495","msg":"handling connect request for URL https://gateway.icloud.com:443"}
{"level":"debug","time":"2023-08-11T17:27:56.976+0530","caller":"custom/setup.go:625","msg":"handshake error gateway.icloud.com:443, EOF"}
{"level":"debug","time":"2023-08-11T17:27:57.011+0530","caller":"custom/setup.go:495","msg":"handling connect request for URL https://gateway.icloud.com:443"}
{"level":"debug","time":"2023-08-11T17:27:57.098+0530","caller":"custom/setup.go:625","msg":"handshake error gateway.icloud.com:443, EOF"}
{"level":"debug","time":"2023-08-11T17:27:57.142+0530","caller":"custom/setup.go:495","msg":"handling connect request for URL https://gateway.icloud.com:443"}
{"level":"debug","time":"2023-08-11T17:27:57.172+0530","caller":"custom/setup.go:625","msg":"handshake error gateway.icloud.com:443, tls: client using inappropriate protocol fallback"}
{"level":"debug","time":"2023-08-11T17:28:02.790+0530","caller":"custom/setup.go:495","msg":"handling connect request for URL https://gateway.icloud.com:443"}
{"level":"debug","time":"2023-08-11T17:28:02.869+0530","caller":"custom/setup.go:625","msg":"handshake error gateway.icloud.com:443, EOF"}
{"level":"debug","time":"2023-08-11T17:28:02.915+0530","caller":"custom/setup.go:495","msg":"handling connect request for URL https://gateway.icloud.com:443"}
{"level":"debug","time":"2023-08-11T17:28:03.013+0530","caller":"custom/setup.go:625","msg":"handshake error gateway.icloud.com:443, EOF"}
{"level":"debug","time":"2023-08-11T17:28:03.061+0530","caller":"custom/setup.go:495","msg":"handling connect request for URL https://gateway.icloud.com:443"}
{"level":"debug","time":"2023-08-11T17:28:03.098+0530","caller":"custom/setup.go:625","msg":"handshake error gateway.icloud.com:443, tls: client using inappropriate protocol fallback"}
{"level":"debug","time":"2023-08-11T17:28:03.245+0530","caller":"custom/setup.go:495","msg":"handling connect request for URL https://gateway.icloud.com:443"}
{"level":"debug","time":"2023-08-11T17:28:03.334+0530","caller":"custom/setup.go:625","msg":"handshake error gateway.icloud.com:443, EOF"}
{"level":"debug","time":"2023-08-11T17:28:03.395+0530","caller":"custom/setup.go:495","msg":"handling connect request for URL https://gateway.icloud.com:443"}
{"level":"debug","time":"2023-08-11T17:28:03.501+0530","caller":"custom/setup.go:625","msg":"handshake error gateway.icloud.com:443, EOF"}
{"level":"debug","time":"2023-08-11T17:28:03.522+0530","caller":"custom/setup.go:495","msg":"handling connect request for URL https://gateway.icloud.com:443"}
{"level":"debug","time":"2023-08-11T17:28:03.550+0530","caller":"custom/setup.go:625","msg":"handshake error gateway.icloud.com:443, tls: client using inappropriate protocol fallback"}
{"level":"debug","time":"2023-08-11T17:28:07.906+0530","caller":"custom/setup.go:495","msg":"handling connect request for URL https://gateway.icloud.com:443"}
{"level":"debug","time":"2023-08-11T17:28:08.022+0530","caller":"custom/setup.go:625","msg":"handshake error gateway.icloud.com:443, EOF"}
{"level":"debug","time":"2023-08-11T17:28:08.090+0530","caller":"custom/setup.go:495","msg":"handling connect request for URL https://gateway.icloud.com:443"}
{"level":"debug","time":"2023-08-11T17:28:08.170+0530","caller":"custom/setup.go:625","msg":"handshake error gateway.icloud.com:443, EOF"}
{"level":"debug","time":"2023-08-11T17:28:08.306+0530","caller":"custom/setup.go:495","msg":"handling connect request for URL https://gateway.icloud.com:443"}
{"level":"debug","time":"2023-08-11T17:28:08.328+0530","caller":"custom/setup.go:495","msg":"handling connect request for URL https://in.visitors.live:443"}
{"level":"debug","time":"2023-08-11T17:28:08.340+0530","caller":"custom/setup.go:625","msg":"handshake error gateway.icloud.com:443, tls: client using inappropriate protocol fallback"}
{"level":"debug","time":"2023-08-11T17:28:08.805+0530","caller":"custom/setup.go:495","msg":"handling connect request for URL https://jnn-pa.googleapis.com:443"}
{"level":"debug","time":"2023-08-11T17:28:08.809+0530","caller":"custom/setup.go:495","msg":"handling connect request for URL https://googleads.g.doubleclick.net:443"}
{"level":"debug","time":"2023-08-11T17:28:09.160+0530","caller":"custom/setup.go:495","msg":"handling connect request for URL https://gateway.icloud.com:443"}
{"level":"debug","time":"2023-08-11T17:28:09.267+0530","caller":"custom/setup.go:495","msg":"handling connect request for URL https://in.visitors.live:443"}
{"level":"debug","time":"2023-08-11T17:28:09.267+0530","caller":"custom/setup.go:495","msg":"handling connect request for URL https://realtime.luckyorange.com:443"}
{"level":"debug","time":"2023-08-11T17:28:10.035+0530","caller":"custom/setup.go:625","msg":"handshake error gateway.icloud.com:443, EOF"}
{"level":"debug","time":"2023-08-11T17:28:10.276+0530","caller":"custom/setup.go:495","msg":"handling connect request for URL https://gateway.icloud.com:443"}
{"level":"debug","time":"2023-08-11T17:28:10.601+0530","caller":"custom/setup.go:625","msg":"handshake error gateway.icloud.com:443, EOF"}
{"level":"debug","time":"2023-08-11T17:28:10.644+0530","caller":"custom/setup.go:495","msg":"handling connect request for URL https://gateway.icloud.com:443"}
{"level":"debug","time":"2023-08-11T17:28:10.681+0530","caller":"custom/setup.go:625","msg":"handshake error gateway.icloud.com:443, tls: client using inappropriate protocol fallback"}
{"level":"debug","time":"2023-08-11T17:28:11.527+0530","caller":"custom/setup.go:495","msg":"handling connect request for URL https://uat-www.veerboats.com:443"}
{"level":"debug","time":"2023-08-11T17:28:24.618+0530","caller":"custom/setup.go:495","msg":"handling connect request for URL https://gateway.icloud.com:443"}
{"level":"debug","time":"2023-08-11T17:28:24.702+0530","caller":"custom/setup.go:625","msg":"handshake error gateway.icloud.com:443, EOF"}
{"level":"debug","time":"2023-08-11T17:28:24.793+0530","caller":"custom/setup.go:495","msg":"handling connect request for URL https://gateway.icloud.com:443"}
{"level":"debug","time":"2023-08-11T17:28:24.879+0530","caller":"custom/setup.go:625","msg":"handshake error gateway.icloud.com:443, EOF"}
{"level":"debug","time":"2023-08-11T17:28:24.914+0530","caller":"custom/setup.go:495","msg":"handling connect request for URL https://gateway.icloud.com:443"}
{"level":"debug","time":"2023-08-11T17:28:24.944+0530","caller":"custom/setup.go:625","msg":"handshake error gateway.icloud.com:443, tls: client using inappropriate protocol fallback"}
{"level":"debug","time":"2023-08-11T17:28:25.075+0530","caller":"custom/setup.go:495","msg":"handling connect request for URL https://gateway.icloud.com:443"}
{"level":"debug","time":"2023-08-11T17:28:25.173+0530","caller":"custom/setup.go:625","msg":"handshake error gateway.icloud.com:443, EOF"}
{"level":"debug","time":"2023-08-11T17:28:25.215+0530","caller":"custom/setup.go:495","msg":"handling connect request for URL https://gateway.icloud.com:443"}
{"level":"debug","time":"2023-08-11T17:28:25.313+0530","caller":"custom/setup.go:625","msg":"handshake error gateway.icloud.com:443, EOF"}
{"level":"debug","time":"2023-08-11T17:28:25.363+0530","caller":"custom/setup.go:495","msg":"handling connect request for URL https://gateway.icloud.com:443"}
{"level":"debug","time":"2023-08-11T17:28:25.396+0530","caller":"custom/setup.go:625","msg":"handshake error gateway.icloud.com:443, tls: client using inappropriate protocol fallback"}
{"level":"debug","time":"2023-08-11T17:28:30.496+0530","caller":"custom/setup.go:495","msg":"handling connect request for URL https://gateway.icloud.com:443"}
{"level":"debug","time":"2023-08-11T17:28:30.580+0530","caller":"custom/setup.go:625","msg":"handshake error gateway.icloud.com:443, EOF"}
{"level":"debug","time":"2023-08-11T17:28:30.607+0530","caller":"custom/setup.go:495","msg":"handling connect request for URL https://gateway.icloud.com:443"}
{"level":"debug","time":"2023-08-11T17:28:30.682+0530","caller":"custom/setup.go:625","msg":"handshake error gateway.icloud.com:443, EOF"}
{"level":"debug","time":"2023-08-11T17:28:30.728+0530","caller":"custom/setup.go:495","msg":"handling connect request for URL https://gateway.icloud.com:443"}
{"level":"debug","time":"2023-08-11T17:28:30.765+0530","caller":"custom/setup.go:625","msg":"handshake error gateway.icloud.com:443, tls: client using inappropriate protocol fallback"}
{"level":"debug","time":"2023-08-11T17:28:30.923+0530","caller":"custom/setup.go:495","msg":"handling connect request for URL https://gateway.icloud.com:443"}
{"level":"debug","time":"2023-08-11T17:28:31.033+0530","caller":"custom/setup.go:625","msg":"handshake error gateway.icloud.com:443, EOF"}
{"level":"debug","time":"2023-08-11T17:28:31.066+0530","caller":"custom/setup.go:495","msg":"handling connect request for URL https://gateway.icloud.com:443"}
{"level":"debug","time":"2023-08-11T17:28:31.159+0530","caller":"custom/setup.go:625","msg":"handshake error gateway.icloud.com:443, EOF"}
{"level":"debug","time":"2023-08-11T17:28:31.195+0530","caller":"custom/setup.go:495","msg":"handling connect request for URL https://gateway.icloud.com:443"}
{"level":"debug","time":"2023-08-11T17:28:31.230+0530","caller":"custom/setup.go:625","msg":"handshake error gateway.icloud.com:443, tls: client using inappropriate protocol fallback"}
{"level":"debug","time":"2023-08-11T17:28:38.690+0530","caller":"custom/setup.go:495","msg":"handling connect request for URL https://play.google.com:443"}
{"level":"debug","time":"2023-08-11T17:28:39.086+0530","caller":"custom/setup.go:495","msg":"handling connect request for URL https://play.google.com:443"}
{"level":"debug","time":"2023-08-11T17:28:39.096+0530","caller":"custom/setup.go:495","msg":"handling connect request for URL https://play.google.com:443"}
{"level":"debug","time":"2023-08-11T17:28:39.186+0530","caller":"custom/setup.go:495","msg":"handling connect request for URL https://play.google.com:443"}
{"level":"debug","time":"2023-08-11T17:28:39.213+0530","caller":"custom/setup.go:495","msg":"handling connect request for URL https://play.google.com:443"}
{"level":"debug","time":"2023-08-11T17:28:39.239+0530","caller":"custom/setup.go:495","msg":"handling connect request for URL https://play.google.com:443"}
{"level":"debug","time":"2023-08-11T20:35:59.621+0530","caller":"ssh/ssh.go:222","msg":"Remote connection on remote port: 24084 closed, reason: EOF"}
{"level":"debug","time":"2023-08-11T20:35:59.621+0530","caller":"ssh/ssh.go:222","msg":"Remote connection on remote port: 12435 closed, reason: EOF"}
{"level":"debug","time":"2023-08-11T20:35:59.638+0530","caller":"ssh/ssh.go:222","msg":"Remote connection on remote port: 7867 closed, reason: EOF"}
{"level":"debug","time":"2023-08-11T20:35:59.638+0530","caller":"ssh/ssh.go:222","msg":"Remote connection on remote port: 25625 closed, reason: EOF"}
{"level":"debug","time":"2023-08-11T20:35:59.638+0530","caller":"ssh/ssh.go:222","msg":"Remote connection on remote port: 26165 closed, reason: EOF"}
{"level":"debug","time":"2023-08-11T20:35:59.654+0530","caller":"ws/control.go:140","msg":"Unusual close error on control channel..."}
{"level":"debug","time":"2023-08-11T20:35:59.655+0530","caller":"ws/control.go:193","msg":"Write loop ended for control channel"}
{"level":"error","time":"2023-08-11T20:35:59.655+0530","caller":"ws/control.go:79","msg":"Control connection break error"}
{"level":"warn","time":"2023-08-11T20:35:59.656+0530","caller":"ws/control.go:80","msg":"Retrying"}
{"level":"error","time":"2023-08-11T20:35:59.656+0530","caller":"ws/control.go:81","msg":"ERR::WS::CTRL::CONN::DWN : Control websocket connection closed read tcp 192.168.100.213:56093->13.126.37.58:443: wsarecv: A connection attempt failed because the connected party did not properly respond after a period of time, or established connection failed because connected host has failed to respond. "}
{"level":"debug","time":"2023-08-11T20:36:00.043+0530","caller":"ws/control.go:72","msg":"Control ws channel opened"}
{"level":"debug","time":"2023-08-11T20:36:00.043+0530","caller":"ws/control.go:131","msg":"Starting message listener on control connection"}
{"level":"debug","time":"2023-08-11T20:36:00.073+0530","caller":"ws/control.go:140","msg":"Unusual close error on control channel..."}
{"level":"debug","time":"2023-08-11T20:36:00.074+0530","caller":"ws/control.go:193","msg":"Write loop ended for control channel"}
{"level":"error","time":"2023-08-11T20:36:00.073+0530","caller":"ws/control.go:79","msg":"Control connection break error"}
{"level":"warn","time":"2023-08-11T20:36:00.074+0530","caller":"ws/control.go:80","msg":"Retrying"}
{"level":"error","time":"2023-08-11T20:36:00.074+0530","caller":"ws/control.go:81","msg":"ERR::WS::CTRL::CONN::DWN : Control websocket connection closed websocket: close 1006 (abnormal closure): unexpected EOF "}
{"level":"debug","time":"2023-08-11T20:36:00.749+0530","caller":"ws/control.go:72","msg":"Control ws channel opened"}
{"level":"debug","time":"2023-08-11T20:36:00.758+0530","caller":"ws/control.go:131","msg":"Starting message listener on control connection"}
{"level":"debug","time":"2023-08-11T20:36:00.781+0530","caller":"ws/control.go:140","msg":"Unusual close error on control channel..."}
{"level":"debug","time":"2023-08-11T20:36:00.783+0530","caller":"ws/control.go:193","msg":"Write loop ended for control channel"}
{"level":"error","time":"2023-08-11T20:36:00.783+0530","caller":"ws/control.go:79","msg":"Control connection break error"}
{"level":"warn","time":"2023-08-11T20:36:00.783+0530","caller":"ws/control.go:80","msg":"Retrying"}
{"level":"error","time":"2023-08-11T20:36:00.783+0530","caller":"ws/control.go:81","msg":"ERR::WS::CTRL::CONN::DWN : Control websocket connection closed websocket: close 1006 (abnormal closure): unexpected EOF "}
{"level":"debug","time":"2023-08-11T20:36:00.871+0530","caller":"ssh/ssh.go:209","msg":"Successfully reconnected remote listener on port: 7867"}
{"level":"debug","time":"2023-08-11T20:36:00.886+0530","caller":"ssh/ssh.go:209","msg":"Successfully reconnected remote listener on port: 25625"}
{"level":"debug","time":"2023-08-11T20:36:00.903+0530","caller":"ssh/ssh.go:209","msg":"Successfully reconnected remote listener on port: 26165"}
{"level":"debug","time":"2023-08-11T20:36:01.029+0530","caller":"ssh/ssh.go:209","msg":"Successfully reconnected remote listener on port: 24084"}
{"level":"debug","time":"2023-08-11T20:36:01.029+0530","caller":"ssh/ssh.go:209","msg":"Successfully reconnected remote listener on port: 12435"}
{"level":"debug","time":"2023-08-11T20:36:02.844+0530","caller":"ws/control.go:72","msg":"Control ws channel opened"}
{"level":"debug","time":"2023-08-11T20:36:02.858+0530","caller":"ws/control.go:131","msg":"Starting message listener on control connection"}
{"level":"debug","time":"2023-08-11T20:36:02.879+0530","caller":"ws/control.go:140","msg":"Unusual close error on control channel..."}
{"level":"debug","time":"2023-08-11T20:36:02.879+0530","caller":"ws/control.go:193","msg":"Write loop ended for control channel"}
{"level":"error","time":"2023-08-11T20:36:02.885+0530","caller":"ws/control.go:79","msg":"Control connection break error"}
{"level":"warn","time":"2023-08-11T20:36:02.885+0530","caller":"ws/control.go:80","msg":"Retrying"}
{"level":"error","time":"2023-08-11T20:36:02.885+0530","caller":"ws/control.go:81","msg":"ERR::WS::CTRL::CONN::DWN : Control websocket connection closed websocket: close 1006 (abnormal closure): unexpected EOF "}
{"level":"debug","time":"2023-08-11T20:36:07.135+0530","caller":"ws/control.go:72","msg":"Control ws channel opened"}
{"level":"debug","time":"2023-08-11T20:36:07.135+0530","caller":"ws/control.go:131","msg":"Starting message listener on control connection"}
{"level":"debug","time":"2023-08-11T20:36:07.162+0530","caller":"ws/control.go:140","msg":"Unusual close error on control channel..."}
{"level":"debug","time":"2023-08-11T20:36:07.163+0530","caller":"ws/control.go:193","msg":"Write loop ended for control channel"}
{"level":"error","time":"2023-08-11T20:36:07.163+0530","caller":"ws/control.go:79","msg":"Control connection break error"}
{"level":"warn","time":"2023-08-11T20:36:07.163+0530","caller":"ws/control.go:80","msg":"Retrying"}
{"level":"error","time":"2023-08-11T20:36:07.163+0530","caller":"ws/control.go:81","msg":"ERR::WS::CTRL::CONN::DWN : Control websocket connection closed websocket: close 1006 (abnormal closure): unexpected EOF "}
{"level":"debug","time":"2023-08-11T20:36:15.233+0530","caller":"ws/control.go:72","msg":"Control ws channel opened"}
{"level":"debug","time":"2023-08-11T20:36:15.234+0530","caller":"ws/control.go:131","msg":"Starting message listener on control connection"}
{"level":"debug","time":"2023-08-11T20:36:15.260+0530","caller":"ws/control.go:140","msg":"Unusual close error on control channel..."}
{"level":"debug","time":"2023-08-11T20:36:15.264+0530","caller":"ws/control.go:193","msg":"Write loop ended for control channel"}
{"level":"error","time":"2023-08-11T20:36:15.264+0530","caller":"ws/control.go:79","msg":"Control connection break error"}
{"level":"warn","time":"2023-08-11T20:36:15.264+0530","caller":"ws/control.go:80","msg":"Retrying"}
{"level":"error","time":"2023-08-11T20:36:15.264+0530","caller":"ws/control.go:81","msg":"ERR::WS::CTRL::CONN::DWN : Control websocket connection closed websocket: close 1006 (abnormal closure): unexpected EOF "}
{"level":"error","time":"2023-08-11T20:36:15.266+0530","caller":"core/lifecycle.go:345","msg":"Err occurred: ERR::CTRL::CONN::MAX::ATTEMPT : Control websocket reconnection max attempt reached "}
{"level":"error","time":"2023-08-11T20:36:15.266+0530","caller":"core/lifecycle.go:346","msg":"Aborting"}
{"level":"info","time":"2023-08-11T20:36:15.736+0530","caller":"core/lifecycle.go:367","msg":"Tunnel stopped successfully"}
{"level":"debug","time":"2023-08-11T20:36:15.738+0530","caller":"custom/setup.go:724","msg":"Exiting the sink proxy"}
{"level":"error","time":"2023-08-11T20:36:15.738+0530","caller":"cmd/lt.go:217","msg":"Aborting"}
